<?xml version="1.0" encoding="UTF-8"?>
<testsuite xmlns:xsi="http://www.w3.org/2001/XMLSchema-instance" xsi:noNamespaceSchemaLocation="https://maven.apache.org/surefire/maven-surefire-plugin/xsd/surefire-test-report.xsd" name="org.example.MapperTest" time="7.833" tests="3" errors="1" skipped="0" failures="0">
  <properties>
    <property name="sun.desktop" value="windows"/>
    <property name="awt.toolkit" value="sun.awt.windows.WToolkit"/>
    <property name="file.encoding.pkg" value="sun.io"/>
    <property name="java.specification.version" value="1.8"/>
    <property name="sun.cpu.isalist" value="amd64"/>
    <property name="sun.jnu.encoding" value="GBK"/>
    <property name="java.class.path" value="E:\Documents\Code\backDemo\Back_Demo\spring_security_demo\target\test-classes;E:\Documents\Code\backDemo\Back_Demo\spring_security_demo\target\classes;D:\Program\apache-maven-3.6.3\repo\org\springframework\boot\spring-boot-starter-web\2.5.0\spring-boot-starter-web-2.5.0.jar;D:\Program\apache-maven-3.6.3\repo\org\springframework\boot\spring-boot-starter\2.5.0\spring-boot-starter-2.5.0.jar;D:\Program\apache-maven-3.6.3\repo\org\springframework\boot\spring-boot\2.5.0\spring-boot-2.5.0.jar;D:\Program\apache-maven-3.6.3\repo\org\springframework\boot\spring-boot-starter-logging\2.5.0\spring-boot-starter-logging-2.5.0.jar;D:\Program\apache-maven-3.6.3\repo\ch\qos\logback\logback-classic\1.2.3\logback-classic-1.2.3.jar;D:\Program\apache-maven-3.6.3\repo\ch\qos\logback\logback-core\1.2.3\logback-core-1.2.3.jar;D:\Program\apache-maven-3.6.3\repo\org\apache\logging\log4j\log4j-to-slf4j\2.14.1\log4j-to-slf4j-2.14.1.jar;D:\Program\apache-maven-3.6.3\repo\org\apache\logging\log4j\log4j-api\2.14.1\log4j-api-2.14.1.jar;D:\Program\apache-maven-3.6.3\repo\org\slf4j\jul-to-slf4j\1.7.30\jul-to-slf4j-1.7.30.jar;D:\Program\apache-maven-3.6.3\repo\jakarta\annotation\jakarta.annotation-api\1.3.5\jakarta.annotation-api-1.3.5.jar;D:\Program\apache-maven-3.6.3\repo\org\yaml\snakeyaml\1.28\snakeyaml-1.28.jar;D:\Program\apache-maven-3.6.3\repo\org\springframework\boot\spring-boot-starter-json\2.5.0\spring-boot-starter-json-2.5.0.jar;D:\Program\apache-maven-3.6.3\repo\com\fasterxml\jackson\datatype\jackson-datatype-jdk8\2.12.3\jackson-datatype-jdk8-2.12.3.jar;D:\Program\apache-maven-3.6.3\repo\com\fasterxml\jackson\datatype\jackson-datatype-jsr310\2.12.3\jackson-datatype-jsr310-2.12.3.jar;D:\Program\apache-maven-3.6.3\repo\com\fasterxml\jackson\module\jackson-module-parameter-names\2.12.3\jackson-module-parameter-names-2.12.3.jar;D:\Program\apache-maven-3.6.3\repo\org\springframework\boot\spring-boot-starter-tomcat\2.5.0\spring-boot-starter-tomcat-2.5.0.jar;D:\Program\apache-maven-3.6.3\repo\org\apache\tomcat\embed\tomcat-embed-core\9.0.46\tomcat-embed-core-9.0.46.jar;D:\Program\apache-maven-3.6.3\repo\org\apache\tomcat\embed\tomcat-embed-el\9.0.46\tomcat-embed-el-9.0.46.jar;D:\Program\apache-maven-3.6.3\repo\org\apache\tomcat\embed\tomcat-embed-websocket\9.0.46\tomcat-embed-websocket-9.0.46.jar;D:\Program\apache-maven-3.6.3\repo\org\springframework\spring-web\5.3.7\spring-web-5.3.7.jar;D:\Program\apache-maven-3.6.3\repo\org\springframework\spring-beans\5.3.7\spring-beans-5.3.7.jar;D:\Program\apache-maven-3.6.3\repo\org\springframework\spring-webmvc\5.3.7\spring-webmvc-5.3.7.jar;D:\Program\apache-maven-3.6.3\repo\org\springframework\spring-context\5.3.7\spring-context-5.3.7.jar;D:\Program\apache-maven-3.6.3\repo\org\springframework\spring-expression\5.3.7\spring-expression-5.3.7.jar;D:\Program\apache-maven-3.6.3\repo\org\springframework\boot\spring-boot-starter-security\2.5.0\spring-boot-starter-security-2.5.0.jar;D:\Program\apache-maven-3.6.3\repo\org\springframework\spring-aop\5.3.7\spring-aop-5.3.7.jar;D:\Program\apache-maven-3.6.3\repo\org\springframework\security\spring-security-config\5.5.0\spring-security-config-5.5.0.jar;D:\Program\apache-maven-3.6.3\repo\org\springframework\security\spring-security-core\5.5.0\spring-security-core-5.5.0.jar;D:\Program\apache-maven-3.6.3\repo\org\jetbrains\kotlin\kotlin-stdlib-jdk8\1.5.0\kotlin-stdlib-jdk8-1.5.0.jar;D:\Program\apache-maven-3.6.3\repo\org\jetbrains\kotlin\kotlin-stdlib\1.5.0\kotlin-stdlib-1.5.0.jar;D:\Program\apache-maven-3.6.3\repo\org\jetbrains\annotations\13.0\annotations-13.0.jar;D:\Program\apache-maven-3.6.3\repo\org\jetbrains\kotlin\kotlin-stdlib-common\1.5.0\kotlin-stdlib-common-1.5.0.jar;D:\Program\apache-maven-3.6.3\repo\org\jetbrains\kotlin\kotlin-stdlib-jdk7\1.5.0\kotlin-stdlib-jdk7-1.5.0.jar;D:\Program\apache-maven-3.6.3\repo\org\springframework\security\spring-security-web\5.5.0\spring-security-web-5.5.0.jar;D:\Program\apache-maven-3.6.3\repo\org\springframework\boot\spring-boot-starter-data-redis\2.5.0\spring-boot-starter-data-redis-2.5.0.jar;D:\Program\apache-maven-3.6.3\repo\org\springframework\data\spring-data-redis\2.5.1\spring-data-redis-2.5.1.jar;D:\Program\apache-maven-3.6.3\repo\org\springframework\data\spring-data-keyvalue\2.5.1\spring-data-keyvalue-2.5.1.jar;D:\Program\apache-maven-3.6.3\repo\org\springframework\data\spring-data-commons\2.5.1\spring-data-commons-2.5.1.jar;D:\Program\apache-maven-3.6.3\repo\org\springframework\spring-tx\5.3.7\spring-tx-5.3.7.jar;D:\Program\apache-maven-3.6.3\repo\org\springframework\spring-oxm\5.3.7\spring-oxm-5.3.7.jar;D:\Program\apache-maven-3.6.3\repo\org\springframework\spring-context-support\5.3.7\spring-context-support-5.3.7.jar;D:\Program\apache-maven-3.6.3\repo\org\slf4j\slf4j-api\1.7.30\slf4j-api-1.7.30.jar;D:\Program\apache-maven-3.6.3\repo\io\lettuce\lettuce-core\6.1.2.RELEASE\lettuce-core-6.1.2.RELEASE.jar;D:\Program\apache-maven-3.6.3\repo\io\netty\netty-common\4.1.65.Final\netty-common-4.1.65.Final.jar;D:\Program\apache-maven-3.6.3\repo\io\netty\netty-handler\4.1.65.Final\netty-handler-4.1.65.Final.jar;D:\Program\apache-maven-3.6.3\repo\io\netty\netty-resolver\4.1.65.Final\netty-resolver-4.1.65.Final.jar;D:\Program\apache-maven-3.6.3\repo\io\netty\netty-buffer\4.1.65.Final\netty-buffer-4.1.65.Final.jar;D:\Program\apache-maven-3.6.3\repo\io\netty\netty-codec\4.1.65.Final\netty-codec-4.1.65.Final.jar;D:\Program\apache-maven-3.6.3\repo\io\netty\netty-transport\4.1.65.Final\netty-transport-4.1.65.Final.jar;D:\Program\apache-maven-3.6.3\repo\io\projectreactor\reactor-core\3.4.6\reactor-core-3.4.6.jar;D:\Program\apache-maven-3.6.3\repo\org\reactivestreams\reactive-streams\1.0.3\reactive-streams-1.0.3.jar;D:\Program\apache-maven-3.6.3\repo\com\alibaba\fastjson\1.2.33\fastjson-1.2.33.jar;D:\Program\apache-maven-3.6.3\repo\io\jsonwebtoken\jjwt\0.9.0\jjwt-0.9.0.jar;D:\Program\apache-maven-3.6.3\repo\com\fasterxml\jackson\core\jackson-databind\2.12.3\jackson-databind-2.12.3.jar;D:\Program\apache-maven-3.6.3\repo\com\fasterxml\jackson\core\jackson-annotations\2.12.3\jackson-annotations-2.12.3.jar;D:\Program\apache-maven-3.6.3\repo\com\fasterxml\jackson\core\jackson-core\2.12.3\jackson-core-2.12.3.jar;D:\Program\apache-maven-3.6.3\repo\org\projectlombok\lombok\1.18.20\lombok-1.18.20.jar;D:\Program\apache-maven-3.6.3\repo\com\baomidou\mybatis-plus-boot-starter\3.4.3\mybatis-plus-boot-starter-3.4.3.jar;D:\Program\apache-maven-3.6.3\repo\com\baomidou\mybatis-plus\3.4.3\mybatis-plus-3.4.3.jar;D:\Program\apache-maven-3.6.3\repo\com\baomidou\mybatis-plus-extension\3.4.3\mybatis-plus-extension-3.4.3.jar;D:\Program\apache-maven-3.6.3\repo\com\baomidou\mybatis-plus-core\3.4.3\mybatis-plus-core-3.4.3.jar;D:\Program\apache-maven-3.6.3\repo\com\baomidou\mybatis-plus-annotation\3.4.3\mybatis-plus-annotation-3.4.3.jar;D:\Program\apache-maven-3.6.3\repo\com\github\jsqlparser\jsqlparser\4.0\jsqlparser-4.0.jar;D:\Program\apache-maven-3.6.3\repo\org\mybatis\mybatis\3.5.7\mybatis-3.5.7.jar;D:\Program\apache-maven-3.6.3\repo\org\mybatis\mybatis-spring\2.0.6\mybatis-spring-2.0.6.jar;D:\Program\apache-maven-3.6.3\repo\org\springframework\boot\spring-boot-autoconfigure\2.5.0\spring-boot-autoconfigure-2.5.0.jar;D:\Program\apache-maven-3.6.3\repo\org\springframework\boot\spring-boot-starter-jdbc\2.5.0\spring-boot-starter-jdbc-2.5.0.jar;D:\Program\apache-maven-3.6.3\repo\com\zaxxer\HikariCP\4.0.3\HikariCP-4.0.3.jar;D:\Program\apache-maven-3.6.3\repo\org\springframework\spring-jdbc\5.3.7\spring-jdbc-5.3.7.jar;D:\Program\apache-maven-3.6.3\repo\mysql\mysql-connector-java\8.0.25\mysql-connector-java-8.0.25.jar;D:\Program\apache-maven-3.6.3\repo\org\springframework\boot\spring-boot-starter-test\2.5.0\spring-boot-starter-test-2.5.0.jar;D:\Program\apache-maven-3.6.3\repo\org\springframework\boot\spring-boot-test\2.5.0\spring-boot-test-2.5.0.jar;D:\Program\apache-maven-3.6.3\repo\org\springframework\boot\spring-boot-test-autoconfigure\2.5.0\spring-boot-test-autoconfigure-2.5.0.jar;D:\Program\apache-maven-3.6.3\repo\com\jayway\jsonpath\json-path\2.5.0\json-path-2.5.0.jar;D:\Program\apache-maven-3.6.3\repo\net\minidev\json-smart\2.4.7\json-smart-2.4.7.jar;D:\Program\apache-maven-3.6.3\repo\net\minidev\accessors-smart\2.4.7\accessors-smart-2.4.7.jar;D:\Program\apache-maven-3.6.3\repo\org\ow2\asm\asm\9.1\asm-9.1.jar;D:\Program\apache-maven-3.6.3\repo\jakarta\xml\bind\jakarta.xml.bind-api\2.3.3\jakarta.xml.bind-api-2.3.3.jar;D:\Program\apache-maven-3.6.3\repo\jakarta\activation\jakarta.activation-api\1.2.2\jakarta.activation-api-1.2.2.jar;D:\Program\apache-maven-3.6.3\repo\org\assertj\assertj-core\3.19.0\assertj-core-3.19.0.jar;D:\Program\apache-maven-3.6.3\repo\org\hamcrest\hamcrest\2.2\hamcrest-2.2.jar;D:\Program\apache-maven-3.6.3\repo\org\junit\jupiter\junit-jupiter\5.7.2\junit-jupiter-5.7.2.jar;D:\Program\apache-maven-3.6.3\repo\org\junit\jupiter\junit-jupiter-api\5.7.2\junit-jupiter-api-5.7.2.jar;D:\Program\apache-maven-3.6.3\repo\org\apiguardian\apiguardian-api\1.1.0\apiguardian-api-1.1.0.jar;D:\Program\apache-maven-3.6.3\repo\org\opentest4j\opentest4j\1.2.0\opentest4j-1.2.0.jar;D:\Program\apache-maven-3.6.3\repo\org\junit\platform\junit-platform-commons\1.7.2\junit-platform-commons-1.7.2.jar;D:\Program\apache-maven-3.6.3\repo\org\junit\jupiter\junit-jupiter-params\5.7.2\junit-jupiter-params-5.7.2.jar;D:\Program\apache-maven-3.6.3\repo\org\junit\jupiter\junit-jupiter-engine\5.7.2\junit-jupiter-engine-5.7.2.jar;D:\Program\apache-maven-3.6.3\repo\org\junit\platform\junit-platform-engine\1.7.2\junit-platform-engine-1.7.2.jar;D:\Program\apache-maven-3.6.3\repo\org\mockito\mockito-core\3.9.0\mockito-core-3.9.0.jar;D:\Program\apache-maven-3.6.3\repo\net\bytebuddy\byte-buddy\1.10.22\byte-buddy-1.10.22.jar;D:\Program\apache-maven-3.6.3\repo\net\bytebuddy\byte-buddy-agent\1.10.22\byte-buddy-agent-1.10.22.jar;D:\Program\apache-maven-3.6.3\repo\org\objenesis\objenesis\3.2\objenesis-3.2.jar;D:\Program\apache-maven-3.6.3\repo\org\mockito\mockito-junit-jupiter\3.9.0\mockito-junit-jupiter-3.9.0.jar;D:\Program\apache-maven-3.6.3\repo\org\skyscreamer\jsonassert\1.5.0\jsonassert-1.5.0.jar;D:\Program\apache-maven-3.6.3\repo\com\vaadin\external\google\android-json\0.0.20131108.vaadin1\android-json-0.0.20131108.vaadin1.jar;D:\Program\apache-maven-3.6.3\repo\org\springframework\spring-core\5.3.7\spring-core-5.3.7.jar;D:\Program\apache-maven-3.6.3\repo\org\springframework\spring-jcl\5.3.7\spring-jcl-5.3.7.jar;D:\Program\apache-maven-3.6.3\repo\org\springframework\spring-test\5.3.7\spring-test-5.3.7.jar;D:\Program\apache-maven-3.6.3\repo\org\xmlunit\xmlunit-core\2.8.2\xmlunit-core-2.8.2.jar;"/>
    <property name="java.vm.vendor" value="Oracle Corporation"/>
    <property name="sun.arch.data.model" value="64"/>
    <property name="user.variant" value=""/>
    <property name="java.vendor.url" value="http://java.oracle.com/"/>
    <property name="user.timezone" value="Asia/Shanghai"/>
    <property name="java.vm.specification.version" value="1.8"/>
    <property name="os.name" value="Windows 10"/>
    <property name="user.country" value="CN"/>
    <property name="sun.java.launcher" value="SUN_STANDARD"/>
    <property name="sun.boot.library.path" value="C:\Program Files\Java\jdk-1.8\jre\bin"/>
    <property name="sun.java.command" value="C:\Users\JAEGER~1\AppData\Local\Temp\surefire7039904923741794577\surefirebooter7810138273640884410.jar C:\Users\Jaeger_Eren\AppData\Local\Temp\surefire7039904923741794577 2024-12-05T17-03-47_380-jvmRun1 surefire7849924898513168797tmp surefire_08175274752434082841tmp"/>
    <property name="surefire.test.class.path" value="E:\Documents\Code\backDemo\Back_Demo\spring_security_demo\target\test-classes;E:\Documents\Code\backDemo\Back_Demo\spring_security_demo\target\classes;D:\Program\apache-maven-3.6.3\repo\org\springframework\boot\spring-boot-starter-web\2.5.0\spring-boot-starter-web-2.5.0.jar;D:\Program\apache-maven-3.6.3\repo\org\springframework\boot\spring-boot-starter\2.5.0\spring-boot-starter-2.5.0.jar;D:\Program\apache-maven-3.6.3\repo\org\springframework\boot\spring-boot\2.5.0\spring-boot-2.5.0.jar;D:\Program\apache-maven-3.6.3\repo\org\springframework\boot\spring-boot-starter-logging\2.5.0\spring-boot-starter-logging-2.5.0.jar;D:\Program\apache-maven-3.6.3\repo\ch\qos\logback\logback-classic\1.2.3\logback-classic-1.2.3.jar;D:\Program\apache-maven-3.6.3\repo\ch\qos\logback\logback-core\1.2.3\logback-core-1.2.3.jar;D:\Program\apache-maven-3.6.3\repo\org\apache\logging\log4j\log4j-to-slf4j\2.14.1\log4j-to-slf4j-2.14.1.jar;D:\Program\apache-maven-3.6.3\repo\org\apache\logging\log4j\log4j-api\2.14.1\log4j-api-2.14.1.jar;D:\Program\apache-maven-3.6.3\repo\org\slf4j\jul-to-slf4j\1.7.30\jul-to-slf4j-1.7.30.jar;D:\Program\apache-maven-3.6.3\repo\jakarta\annotation\jakarta.annotation-api\1.3.5\jakarta.annotation-api-1.3.5.jar;D:\Program\apache-maven-3.6.3\repo\org\yaml\snakeyaml\1.28\snakeyaml-1.28.jar;D:\Program\apache-maven-3.6.3\repo\org\springframework\boot\spring-boot-starter-json\2.5.0\spring-boot-starter-json-2.5.0.jar;D:\Program\apache-maven-3.6.3\repo\com\fasterxml\jackson\datatype\jackson-datatype-jdk8\2.12.3\jackson-datatype-jdk8-2.12.3.jar;D:\Program\apache-maven-3.6.3\repo\com\fasterxml\jackson\datatype\jackson-datatype-jsr310\2.12.3\jackson-datatype-jsr310-2.12.3.jar;D:\Program\apache-maven-3.6.3\repo\com\fasterxml\jackson\module\jackson-module-parameter-names\2.12.3\jackson-module-parameter-names-2.12.3.jar;D:\Program\apache-maven-3.6.3\repo\org\springframework\boot\spring-boot-starter-tomcat\2.5.0\spring-boot-starter-tomcat-2.5.0.jar;D:\Program\apache-maven-3.6.3\repo\org\apache\tomcat\embed\tomcat-embed-core\9.0.46\tomcat-embed-core-9.0.46.jar;D:\Program\apache-maven-3.6.3\repo\org\apache\tomcat\embed\tomcat-embed-el\9.0.46\tomcat-embed-el-9.0.46.jar;D:\Program\apache-maven-3.6.3\repo\org\apache\tomcat\embed\tomcat-embed-websocket\9.0.46\tomcat-embed-websocket-9.0.46.jar;D:\Program\apache-maven-3.6.3\repo\org\springframework\spring-web\5.3.7\spring-web-5.3.7.jar;D:\Program\apache-maven-3.6.3\repo\org\springframework\spring-beans\5.3.7\spring-beans-5.3.7.jar;D:\Program\apache-maven-3.6.3\repo\org\springframework\spring-webmvc\5.3.7\spring-webmvc-5.3.7.jar;D:\Program\apache-maven-3.6.3\repo\org\springframework\spring-context\5.3.7\spring-context-5.3.7.jar;D:\Program\apache-maven-3.6.3\repo\org\springframework\spring-expression\5.3.7\spring-expression-5.3.7.jar;D:\Program\apache-maven-3.6.3\repo\org\springframework\boot\spring-boot-starter-security\2.5.0\spring-boot-starter-security-2.5.0.jar;D:\Program\apache-maven-3.6.3\repo\org\springframework\spring-aop\5.3.7\spring-aop-5.3.7.jar;D:\Program\apache-maven-3.6.3\repo\org\springframework\security\spring-security-config\5.5.0\spring-security-config-5.5.0.jar;D:\Program\apache-maven-3.6.3\repo\org\springframework\security\spring-security-core\5.5.0\spring-security-core-5.5.0.jar;D:\Program\apache-maven-3.6.3\repo\org\jetbrains\kotlin\kotlin-stdlib-jdk8\1.5.0\kotlin-stdlib-jdk8-1.5.0.jar;D:\Program\apache-maven-3.6.3\repo\org\jetbrains\kotlin\kotlin-stdlib\1.5.0\kotlin-stdlib-1.5.0.jar;D:\Program\apache-maven-3.6.3\repo\org\jetbrains\annotations\13.0\annotations-13.0.jar;D:\Program\apache-maven-3.6.3\repo\org\jetbrains\kotlin\kotlin-stdlib-common\1.5.0\kotlin-stdlib-common-1.5.0.jar;D:\Program\apache-maven-3.6.3\repo\org\jetbrains\kotlin\kotlin-stdlib-jdk7\1.5.0\kotlin-stdlib-jdk7-1.5.0.jar;D:\Program\apache-maven-3.6.3\repo\org\springframework\security\spring-security-web\5.5.0\spring-security-web-5.5.0.jar;D:\Program\apache-maven-3.6.3\repo\org\springframework\boot\spring-boot-starter-data-redis\2.5.0\spring-boot-starter-data-redis-2.5.0.jar;D:\Program\apache-maven-3.6.3\repo\org\springframework\data\spring-data-redis\2.5.1\spring-data-redis-2.5.1.jar;D:\Program\apache-maven-3.6.3\repo\org\springframework\data\spring-data-keyvalue\2.5.1\spring-data-keyvalue-2.5.1.jar;D:\Program\apache-maven-3.6.3\repo\org\springframework\data\spring-data-commons\2.5.1\spring-data-commons-2.5.1.jar;D:\Program\apache-maven-3.6.3\repo\org\springframework\spring-tx\5.3.7\spring-tx-5.3.7.jar;D:\Program\apache-maven-3.6.3\repo\org\springframework\spring-oxm\5.3.7\spring-oxm-5.3.7.jar;D:\Program\apache-maven-3.6.3\repo\org\springframework\spring-context-support\5.3.7\spring-context-support-5.3.7.jar;D:\Program\apache-maven-3.6.3\repo\org\slf4j\slf4j-api\1.7.30\slf4j-api-1.7.30.jar;D:\Program\apache-maven-3.6.3\repo\io\lettuce\lettuce-core\6.1.2.RELEASE\lettuce-core-6.1.2.RELEASE.jar;D:\Program\apache-maven-3.6.3\repo\io\netty\netty-common\4.1.65.Final\netty-common-4.1.65.Final.jar;D:\Program\apache-maven-3.6.3\repo\io\netty\netty-handler\4.1.65.Final\netty-handler-4.1.65.Final.jar;D:\Program\apache-maven-3.6.3\repo\io\netty\netty-resolver\4.1.65.Final\netty-resolver-4.1.65.Final.jar;D:\Program\apache-maven-3.6.3\repo\io\netty\netty-buffer\4.1.65.Final\netty-buffer-4.1.65.Final.jar;D:\Program\apache-maven-3.6.3\repo\io\netty\netty-codec\4.1.65.Final\netty-codec-4.1.65.Final.jar;D:\Program\apache-maven-3.6.3\repo\io\netty\netty-transport\4.1.65.Final\netty-transport-4.1.65.Final.jar;D:\Program\apache-maven-3.6.3\repo\io\projectreactor\reactor-core\3.4.6\reactor-core-3.4.6.jar;D:\Program\apache-maven-3.6.3\repo\org\reactivestreams\reactive-streams\1.0.3\reactive-streams-1.0.3.jar;D:\Program\apache-maven-3.6.3\repo\com\alibaba\fastjson\1.2.33\fastjson-1.2.33.jar;D:\Program\apache-maven-3.6.3\repo\io\jsonwebtoken\jjwt\0.9.0\jjwt-0.9.0.jar;D:\Program\apache-maven-3.6.3\repo\com\fasterxml\jackson\core\jackson-databind\2.12.3\jackson-databind-2.12.3.jar;D:\Program\apache-maven-3.6.3\repo\com\fasterxml\jackson\core\jackson-annotations\2.12.3\jackson-annotations-2.12.3.jar;D:\Program\apache-maven-3.6.3\repo\com\fasterxml\jackson\core\jackson-core\2.12.3\jackson-core-2.12.3.jar;D:\Program\apache-maven-3.6.3\repo\org\projectlombok\lombok\1.18.20\lombok-1.18.20.jar;D:\Program\apache-maven-3.6.3\repo\com\baomidou\mybatis-plus-boot-starter\3.4.3\mybatis-plus-boot-starter-3.4.3.jar;D:\Program\apache-maven-3.6.3\repo\com\baomidou\mybatis-plus\3.4.3\mybatis-plus-3.4.3.jar;D:\Program\apache-maven-3.6.3\repo\com\baomidou\mybatis-plus-extension\3.4.3\mybatis-plus-extension-3.4.3.jar;D:\Program\apache-maven-3.6.3\repo\com\baomidou\mybatis-plus-core\3.4.3\mybatis-plus-core-3.4.3.jar;D:\Program\apache-maven-3.6.3\repo\com\baomidou\mybatis-plus-annotation\3.4.3\mybatis-plus-annotation-3.4.3.jar;D:\Program\apache-maven-3.6.3\repo\com\github\jsqlparser\jsqlparser\4.0\jsqlparser-4.0.jar;D:\Program\apache-maven-3.6.3\repo\org\mybatis\mybatis\3.5.7\mybatis-3.5.7.jar;D:\Program\apache-maven-3.6.3\repo\org\mybatis\mybatis-spring\2.0.6\mybatis-spring-2.0.6.jar;D:\Program\apache-maven-3.6.3\repo\org\springframework\boot\spring-boot-autoconfigure\2.5.0\spring-boot-autoconfigure-2.5.0.jar;D:\Program\apache-maven-3.6.3\repo\org\springframework\boot\spring-boot-starter-jdbc\2.5.0\spring-boot-starter-jdbc-2.5.0.jar;D:\Program\apache-maven-3.6.3\repo\com\zaxxer\HikariCP\4.0.3\HikariCP-4.0.3.jar;D:\Program\apache-maven-3.6.3\repo\org\springframework\spring-jdbc\5.3.7\spring-jdbc-5.3.7.jar;D:\Program\apache-maven-3.6.3\repo\mysql\mysql-connector-java\8.0.25\mysql-connector-java-8.0.25.jar;D:\Program\apache-maven-3.6.3\repo\org\springframework\boot\spring-boot-starter-test\2.5.0\spring-boot-starter-test-2.5.0.jar;D:\Program\apache-maven-3.6.3\repo\org\springframework\boot\spring-boot-test\2.5.0\spring-boot-test-2.5.0.jar;D:\Program\apache-maven-3.6.3\repo\org\springframework\boot\spring-boot-test-autoconfigure\2.5.0\spring-boot-test-autoconfigure-2.5.0.jar;D:\Program\apache-maven-3.6.3\repo\com\jayway\jsonpath\json-path\2.5.0\json-path-2.5.0.jar;D:\Program\apache-maven-3.6.3\repo\net\minidev\json-smart\2.4.7\json-smart-2.4.7.jar;D:\Program\apache-maven-3.6.3\repo\net\minidev\accessors-smart\2.4.7\accessors-smart-2.4.7.jar;D:\Program\apache-maven-3.6.3\repo\org\ow2\asm\asm\9.1\asm-9.1.jar;D:\Program\apache-maven-3.6.3\repo\jakarta\xml\bind\jakarta.xml.bind-api\2.3.3\jakarta.xml.bind-api-2.3.3.jar;D:\Program\apache-maven-3.6.3\repo\jakarta\activation\jakarta.activation-api\1.2.2\jakarta.activation-api-1.2.2.jar;D:\Program\apache-maven-3.6.3\repo\org\assertj\assertj-core\3.19.0\assertj-core-3.19.0.jar;D:\Program\apache-maven-3.6.3\repo\org\hamcrest\hamcrest\2.2\hamcrest-2.2.jar;D:\Program\apache-maven-3.6.3\repo\org\junit\jupiter\junit-jupiter\5.7.2\junit-jupiter-5.7.2.jar;D:\Program\apache-maven-3.6.3\repo\org\junit\jupiter\junit-jupiter-api\5.7.2\junit-jupiter-api-5.7.2.jar;D:\Program\apache-maven-3.6.3\repo\org\apiguardian\apiguardian-api\1.1.0\apiguardian-api-1.1.0.jar;D:\Program\apache-maven-3.6.3\repo\org\opentest4j\opentest4j\1.2.0\opentest4j-1.2.0.jar;D:\Program\apache-maven-3.6.3\repo\org\junit\platform\junit-platform-commons\1.7.2\junit-platform-commons-1.7.2.jar;D:\Program\apache-maven-3.6.3\repo\org\junit\jupiter\junit-jupiter-params\5.7.2\junit-jupiter-params-5.7.2.jar;D:\Program\apache-maven-3.6.3\repo\org\junit\jupiter\junit-jupiter-engine\5.7.2\junit-jupiter-engine-5.7.2.jar;D:\Program\apache-maven-3.6.3\repo\org\junit\platform\junit-platform-engine\1.7.2\junit-platform-engine-1.7.2.jar;D:\Program\apache-maven-3.6.3\repo\org\mockito\mockito-core\3.9.0\mockito-core-3.9.0.jar;D:\Program\apache-maven-3.6.3\repo\net\bytebuddy\byte-buddy\1.10.22\byte-buddy-1.10.22.jar;D:\Program\apache-maven-3.6.3\repo\net\bytebuddy\byte-buddy-agent\1.10.22\byte-buddy-agent-1.10.22.jar;D:\Program\apache-maven-3.6.3\repo\org\objenesis\objenesis\3.2\objenesis-3.2.jar;D:\Program\apache-maven-3.6.3\repo\org\mockito\mockito-junit-jupiter\3.9.0\mockito-junit-jupiter-3.9.0.jar;D:\Program\apache-maven-3.6.3\repo\org\skyscreamer\jsonassert\1.5.0\jsonassert-1.5.0.jar;D:\Program\apache-maven-3.6.3\repo\com\vaadin\external\google\android-json\0.0.20131108.vaadin1\android-json-0.0.20131108.vaadin1.jar;D:\Program\apache-maven-3.6.3\repo\org\springframework\spring-core\5.3.7\spring-core-5.3.7.jar;D:\Program\apache-maven-3.6.3\repo\org\springframework\spring-jcl\5.3.7\spring-jcl-5.3.7.jar;D:\Program\apache-maven-3.6.3\repo\org\springframework\spring-test\5.3.7\spring-test-5.3.7.jar;D:\Program\apache-maven-3.6.3\repo\org\xmlunit\xmlunit-core\2.8.2\xmlunit-core-2.8.2.jar;"/>
    <property name="sun.cpu.endian" value="little"/>
    <property name="user.home" value="C:\Users\Jaeger_Eren"/>
    <property name="user.language" value="zh"/>
    <property name="java.specification.vendor" value="Oracle Corporation"/>
    <property name="java.home" value="C:\Program Files\Java\jdk-1.8\jre"/>
    <property name="basedir" value="E:\Documents\Code\backDemo\Back_Demo\spring_security_demo"/>
    <property name="file.separator" value="\"/>
    <property name="line.separator" value="&#10;"/>
    <property name="java.vm.specification.vendor" value="Oracle Corporation"/>
    <property name="java.specification.name" value="Java Platform API Specification"/>
    <property name="java.awt.graphicsenv" value="sun.awt.Win32GraphicsEnvironment"/>
    <property name="surefire.real.class.path" value="C:\Users\JAEGER~1\AppData\Local\Temp\surefire7039904923741794577\surefirebooter7810138273640884410.jar"/>
    <property name="sun.boot.class.path" value="C:\Program Files\Java\jdk-1.8\jre\lib\resources.jar;C:\Program Files\Java\jdk-1.8\jre\lib\rt.jar;C:\Program Files\Java\jdk-1.8\jre\lib\jsse.jar;C:\Program Files\Java\jdk-1.8\jre\lib\jce.jar;C:\Program Files\Java\jdk-1.8\jre\lib\charsets.jar;C:\Program Files\Java\jdk-1.8\jre\lib\jfr.jar;C:\Program Files\Java\jdk-1.8\jre\classes"/>
    <property name="user.script" value=""/>
    <property name="sun.management.compiler" value="HotSpot 64-Bit Tiered Compilers"/>
    <property name="java.runtime.version" value="1.8.0_401-b10"/>
    <property name="user.name" value="Jaeger_Eren"/>
    <property name="path.separator" value=";"/>
    <property name="os.version" value="10.0"/>
    <property name="java.endorsed.dirs" value="C:\Program Files\Java\jdk-1.8\jre\lib\endorsed"/>
    <property name="java.runtime.name" value="Java(TM) SE Runtime Environment"/>
    <property name="file.encoding" value="GBK"/>
    <property name="java.vm.name" value="Java HotSpot(TM) 64-Bit Server VM"/>
    <property name="localRepository" value="D:\Program\apache-maven-3.6.3\repo"/>
    <property name="java.vendor.url.bug" value="http://bugreport.sun.com/bugreport/"/>
    <property name="java.io.tmpdir" value="C:\Users\JAEGER~1\AppData\Local\Temp\"/>
    <property name="idea.version" value="2023.3.7"/>
    <property name="java.version" value="1.8.0_401"/>
    <property name="user.dir" value="E:\Documents\Code\backDemo\Back_Demo\spring_security_demo"/>
    <property name="os.arch" value="amd64"/>
    <property name="java.vm.specification.name" value="Java Virtual Machine Specification"/>
    <property name="java.awt.printerjob" value="sun.awt.windows.WPrinterJob"/>
    <property name="sun.os.patch.level" value=""/>
    <property name="java.library.path" value="C:\Program Files\Java\jdk-1.8\jre\bin;C:\Windows\Sun\Java\bin;C:\Windows\system32;C:\Windows;C:\Program Files (x86)\Common Files\Oracle\Java\java8path;C:\Program Files (x86)\Common Files\Oracle\Java\javapath;C:\Program Files\Java\jdk-1.8\bin;C:\Program Files\Java\jdk-1.8\jre\bin;D:\Program\apache-maven-3.6.3\bin;D:\Program Files\MySQL\MySQL Server 5.7\bin;D:\Program\VMware Workstation\bin\;C:\Windows\system32;C:\Windows;C:\Windows\System32\Wbem;C:\Windows\System32\WindowsPowerShell\v1.0\;C:\Windows\System32\OpenSSH\;D:\Software\Bandizip\;D:\Program\apache-jmeter-5.6.3\bin;C:\Program Files (x86)\NVIDIA Corporation\PhysX\Common;C:\Program Files\dotnet\;D:\Program\gradle\bin;C:\Program Files\MySQL\MySQL Server 8.0\bin;D:\Program\Git\cmd;C:\Program Files\Redis\;D:\Program\SQL Server\Program Files\Microsoft SQL Server\Client SDK\ODBC\170\Tools\Binn\;D:\Program\SQL Server\Program Files (x86)\Microsoft SQL Server\150\Tools\Binn\;D:\Program\SQL Server\Program Files\Microsoft SQL Server\150\Tools\Binn\;D:\Program\SQL Server\Program Files\Microsoft SQL Server\150\DTS\Binn\;D:\Program\nvm;D:\Program\nvm\nodejs;D:\Program\nvm\node_global;;C:\Program Files\NVIDIA Corporation\NVIDIA app\NvDLISR;C:\Program Files\Docker\Docker\resources\bin;C:\Users\Jaeger_Eren\AppData\Local\Microsoft\WindowsApps;D:\Program\IntelliJ IDEA\IntelliJ IDEA 2023.3.7\bin;C:\Program Files\Azure Data Studio\bin;C:\Users\Jaeger_Eren\.dotnet\tools;D:\Program\MongoDB\Mongosh\;D:\Program\Microsoft VS Code\bin;D:\Program\nvm;D:\Program\nvm\nodejs;D:\Program\nvm\node_global;;D:\Program\WebStorm\bin;;."/>
    <property name="java.vm.info" value="mixed mode"/>
    <property name="java.vendor" value="Oracle Corporation"/>
    <property name="java.vm.version" value="25.401-b10"/>
    <property name="java.specification.maintenance.version" value="5"/>
    <property name="java.ext.dirs" value="C:\Program Files\Java\jdk-1.8\jre\lib\ext;C:\Windows\Sun\Java\lib\ext"/>
    <property name="sun.io.unicode.encoding" value="UnicodeLittle"/>
    <property name="maven.repo.local" value="D:\Program\apache-maven-3.6.3\repo"/>
    <property name="java.class.version" value="52.0"/>
  </properties>
  <testcase name="TestBCryptPasswordEncoder1" classname="org.example.MapperTest" time="0.34"/>
  <testcase name="TestBCryptPasswordEncoder2" classname="org.example.MapperTest" time="0.071"/>
  <testcase name="TestUserMapper" classname="org.example.MapperTest" time="2.157">
    <error message="nested exception is org.apache.ibatis.exceptions.PersistenceException: &#10;### Error querying database.  Cause: org.springframework.jdbc.CannotGetJdbcConnectionException: Failed to obtain JDBC Connection; nested exception is java.sql.SQLSyntaxErrorException: Unknown database &apos;spring_security_demo&apos;&#10;### The error may exist in org/example/mapper/UserMapper.java (best guess)&#10;### The error may involve org.example.mapper.UserMapper.selectList&#10;### The error occurred while executing a query&#10;### Cause: org.springframework.jdbc.CannotGetJdbcConnectionException: Failed to obtain JDBC Connection; nested exception is java.sql.SQLSyntaxErrorException: Unknown database &apos;spring_security_demo&apos;" type="org.mybatis.spring.MyBatisSystemException">org.mybatis.spring.MyBatisSystemException: 
nested exception is org.apache.ibatis.exceptions.PersistenceException: 
### Error querying database.  Cause: org.springframework.jdbc.CannotGetJdbcConnectionException: Failed to obtain JDBC Connection; nested exception is java.sql.SQLSyntaxErrorException: Unknown database 'spring_security_demo'
### The error may exist in org/example/mapper/UserMapper.java (best guess)
### The error may involve org.example.mapper.UserMapper.selectList
### The error occurred while executing a query
### Cause: org.springframework.jdbc.CannotGetJdbcConnectionException: Failed to obtain JDBC Connection; nested exception is java.sql.SQLSyntaxErrorException: Unknown database 'spring_security_demo'
	at org.example.MapperTest.TestUserMapper(MapperTest.java:24)
Caused by: org.apache.ibatis.exceptions.PersistenceException: 

### Error querying database.  Cause: org.springframework.jdbc.CannotGetJdbcConnectionException: Failed to obtain JDBC Connection; nested exception is java.sql.SQLSyntaxErrorException: Unknown database 'spring_security_demo'
### The error may exist in org/example/mapper/UserMapper.java (best guess)
### The error may involve org.example.mapper.UserMapper.selectList
### The error occurred while executing a query
### Cause: org.springframework.jdbc.CannotGetJdbcConnectionException: Failed to obtain JDBC Connection; nested exception is java.sql.SQLSyntaxErrorException: Unknown database 'spring_security_demo'
	at org.example.MapperTest.TestUserMapper(MapperTest.java:24)
Caused by: org.springframework.jdbc.CannotGetJdbcConnectionException: Failed to obtain JDBC Connection; nested exception is java.sql.SQLSyntaxErrorException: Unknown database 'spring_security_demo'
	at org.example.MapperTest.TestUserMapper(MapperTest.java:24)
Caused by: java.sql.SQLSyntaxErrorException: Unknown database 'spring_security_demo'
	at org.example.MapperTest.TestUserMapper(MapperTest.java:24)
</error>
    <system-out><![CDATA[2024-12-05 17:03:53.802  INFO 2232 --- [           main] com.zaxxer.hikari.HikariDataSource       : HikariPool-1 - Starting...
2024-12-05 17:03:55.910 ERROR 2232 --- [           main] com.zaxxer.hikari.pool.HikariPool        : HikariPool-1 - Exception during pool initialization.

java.sql.SQLSyntaxErrorException: Unknown database 'spring_security_demo'
	at com.mysql.cj.jdbc.exceptions.SQLError.createSQLException(SQLError.java:120) ~[mysql-connector-java-8.0.25.jar:8.0.25]
	at com.mysql.cj.jdbc.exceptions.SQLExceptionsMapping.translateException(SQLExceptionsMapping.java:122) ~[mysql-connector-java-8.0.25.jar:8.0.25]
	at com.mysql.cj.jdbc.ConnectionImpl.createNewIO(ConnectionImpl.java:833) ~[mysql-connector-java-8.0.25.jar:8.0.25]
	at com.mysql.cj.jdbc.ConnectionImpl.<init>(ConnectionImpl.java:453) ~[mysql-connector-java-8.0.25.jar:8.0.25]
	at com.mysql.cj.jdbc.ConnectionImpl.getInstance(ConnectionImpl.java:246) ~[mysql-connector-java-8.0.25.jar:8.0.25]
	at com.mysql.cj.jdbc.NonRegisteringDriver.connect(NonRegisteringDriver.java:198) ~[mysql-connector-java-8.0.25.jar:8.0.25]
	at com.zaxxer.hikari.util.DriverDataSource.getConnection(DriverDataSource.java:138) ~[HikariCP-4.0.3.jar:na]
	at com.zaxxer.hikari.pool.PoolBase.newConnection(PoolBase.java:364) ~[HikariCP-4.0.3.jar:na]
	at com.zaxxer.hikari.pool.PoolBase.newPoolEntry(PoolBase.java:206) ~[HikariCP-4.0.3.jar:na]
	at com.zaxxer.hikari.pool.HikariPool.createPoolEntry(HikariPool.java:476) [HikariCP-4.0.3.jar:na]
	at com.zaxxer.hikari.pool.HikariPool.checkFailFast(HikariPool.java:561) [HikariCP-4.0.3.jar:na]
	at com.zaxxer.hikari.pool.HikariPool.<init>(HikariPool.java:115) [HikariCP-4.0.3.jar:na]
	at com.zaxxer.hikari.HikariDataSource.getConnection(HikariDataSource.java:112) [HikariCP-4.0.3.jar:na]
	at org.springframework.jdbc.datasource.DataSourceUtils.fetchConnection(DataSourceUtils.java:158) [spring-jdbc-5.3.7.jar:5.3.7]
	at org.springframework.jdbc.datasource.DataSourceUtils.doGetConnection(DataSourceUtils.java:116) [spring-jdbc-5.3.7.jar:5.3.7]
	at org.springframework.jdbc.datasource.DataSourceUtils.getConnection(DataSourceUtils.java:79) [spring-jdbc-5.3.7.jar:5.3.7]
	at org.mybatis.spring.transaction.SpringManagedTransaction.openConnection(SpringManagedTransaction.java:80) [mybatis-spring-2.0.6.jar:2.0.6]
	at org.mybatis.spring.transaction.SpringManagedTransaction.getConnection(SpringManagedTransaction.java:67) [mybatis-spring-2.0.6.jar:2.0.6]
	at org.apache.ibatis.executor.BaseExecutor.getConnection(BaseExecutor.java:337) [mybatis-3.5.7.jar:3.5.7]
	at org.apache.ibatis.executor.SimpleExecutor.prepareStatement(SimpleExecutor.java:86) [mybatis-3.5.7.jar:3.5.7]
	at org.apache.ibatis.executor.SimpleExecutor.doQuery(SimpleExecutor.java:62) [mybatis-3.5.7.jar:3.5.7]
	at org.apache.ibatis.executor.BaseExecutor.queryFromDatabase(BaseExecutor.java:325) [mybatis-3.5.7.jar:3.5.7]
	at org.apache.ibatis.executor.BaseExecutor.query(BaseExecutor.java:156) [mybatis-3.5.7.jar:3.5.7]
	at org.apache.ibatis.executor.CachingExecutor.query(CachingExecutor.java:109) [mybatis-3.5.7.jar:3.5.7]
	at org.apache.ibatis.executor.CachingExecutor.query(CachingExecutor.java:89) [mybatis-3.5.7.jar:3.5.7]
	at org.apache.ibatis.session.defaults.DefaultSqlSession.selectList(DefaultSqlSession.java:151) [mybatis-3.5.7.jar:3.5.7]
	at org.apache.ibatis.session.defaults.DefaultSqlSession.selectList(DefaultSqlSession.java:145) [mybatis-3.5.7.jar:3.5.7]
	at org.apache.ibatis.session.defaults.DefaultSqlSession.selectList(DefaultSqlSession.java:140) [mybatis-3.5.7.jar:3.5.7]
	at sun.reflect.NativeMethodAccessorImpl.invoke0(Native Method) ~[na:1.8.0_401]
	at sun.reflect.NativeMethodAccessorImpl.invoke(NativeMethodAccessorImpl.java:62) ~[na:1.8.0_401]
	at sun.reflect.DelegatingMethodAccessorImpl.invoke(DelegatingMethodAccessorImpl.java:43) ~[na:1.8.0_401]
	at java.lang.reflect.Method.invoke(Method.java:498) ~[na:1.8.0_401]
	at org.mybatis.spring.SqlSessionTemplate$SqlSessionInterceptor.invoke(SqlSessionTemplate.java:427) [mybatis-spring-2.0.6.jar:2.0.6]
	at com.sun.proxy.$Proxy76.selectList(Unknown Source) [na:na]
	at org.mybatis.spring.SqlSessionTemplate.selectList(SqlSessionTemplate.java:224) [mybatis-spring-2.0.6.jar:2.0.6]
	at com.baomidou.mybatisplus.core.override.MybatisMapperMethod.executeForMany(MybatisMapperMethod.java:166) [mybatis-plus-core-3.4.3.jar:3.4.3]
	at com.baomidou.mybatisplus.core.override.MybatisMapperMethod.execute(MybatisMapperMethod.java:77) [mybatis-plus-core-3.4.3.jar:3.4.3]
	at com.baomidou.mybatisplus.core.override.MybatisMapperProxy$PlainMethodInvoker.invoke(MybatisMapperProxy.java:148) [mybatis-plus-core-3.4.3.jar:3.4.3]
	at com.baomidou.mybatisplus.core.override.MybatisMapperProxy.invoke(MybatisMapperProxy.java:89) [mybatis-plus-core-3.4.3.jar:3.4.3]
	at com.sun.proxy.$Proxy79.selectList(Unknown Source) [na:na]
	at org.example.MapperTest.TestUserMapper(MapperTest.java:24) [test-classes/:na]
	at sun.reflect.NativeMethodAccessorImpl.invoke0(Native Method) ~[na:1.8.0_401]
	at sun.reflect.NativeMethodAccessorImpl.invoke(NativeMethodAccessorImpl.java:62) ~[na:1.8.0_401]
	at sun.reflect.DelegatingMethodAccessorImpl.invoke(DelegatingMethodAccessorImpl.java:43) ~[na:1.8.0_401]
	at java.lang.reflect.Method.invoke(Method.java:498) ~[na:1.8.0_401]
	at org.junit.platform.commons.util.ReflectionUtils.invokeMethod(ReflectionUtils.java:688) [junit-platform-commons-1.7.2.jar:1.7.2]
	at org.junit.jupiter.engine.execution.MethodInvocation.proceed(MethodInvocation.java:60) [junit-jupiter-engine-5.7.2.jar:5.7.2]
	at org.junit.jupiter.engine.execution.InvocationInterceptorChain$ValidatingInvocation.proceed(InvocationInterceptorChain.java:131) [junit-jupiter-engine-5.7.2.jar:5.7.2]
	at org.junit.jupiter.engine.extension.TimeoutExtension.intercept(TimeoutExtension.java:149) [junit-jupiter-engine-5.7.2.jar:5.7.2]
	at org.junit.jupiter.engine.extension.TimeoutExtension.interceptTestableMethod(TimeoutExtension.java:140) [junit-jupiter-engine-5.7.2.jar:5.7.2]
	at org.junit.jupiter.engine.extension.TimeoutExtension.interceptTestMethod(TimeoutExtension.java:84) [junit-jupiter-engine-5.7.2.jar:5.7.2]
	at org.junit.jupiter.engine.execution.ExecutableInvoker$ReflectiveInterceptorCall.lambda$ofVoidMethod$0(ExecutableInvoker.java:115) ~[junit-jupiter-engine-5.7.2.jar:5.7.2]
	at org.junit.jupiter.engine.execution.ExecutableInvoker.lambda$invoke$0(ExecutableInvoker.java:105) ~[junit-jupiter-engine-5.7.2.jar:5.7.2]
	at org.junit.jupiter.engine.execution.InvocationInterceptorChain$InterceptedInvocation.proceed(InvocationInterceptorChain.java:106) ~[junit-jupiter-engine-5.7.2.jar:5.7.2]
	at org.junit.jupiter.engine.execution.InvocationInterceptorChain.proceed(InvocationInterceptorChain.java:64) ~[junit-jupiter-engine-5.7.2.jar:5.7.2]
	at org.junit.jupiter.engine.execution.InvocationInterceptorChain.chainAndInvoke(InvocationInterceptorChain.java:45) ~[junit-jupiter-engine-5.7.2.jar:5.7.2]
	at org.junit.jupiter.engine.execution.InvocationInterceptorChain.invoke(InvocationInterceptorChain.java:37) ~[junit-jupiter-engine-5.7.2.jar:5.7.2]
	at org.junit.jupiter.engine.execution.ExecutableInvoker.invoke(ExecutableInvoker.java:104) ~[junit-jupiter-engine-5.7.2.jar:5.7.2]
	at org.junit.jupiter.engine.execution.ExecutableInvoker.invoke(ExecutableInvoker.java:98) ~[junit-jupiter-engine-5.7.2.jar:5.7.2]
	at org.junit.jupiter.engine.descriptor.TestMethodTestDescriptor.lambda$invokeTestMethod$6(TestMethodTestDescriptor.java:210) ~[junit-jupiter-engine-5.7.2.jar:5.7.2]
	at org.junit.platform.engine.support.hierarchical.ThrowableCollector.execute(ThrowableCollector.java:73) ~[junit-platform-engine-1.7.2.jar:1.7.2]
	at org.junit.jupiter.engine.descriptor.TestMethodTestDescriptor.invokeTestMethod(TestMethodTestDescriptor.java:206) ~[junit-jupiter-engine-5.7.2.jar:5.7.2]
	at org.junit.jupiter.engine.descriptor.TestMethodTestDescriptor.execute(TestMethodTestDescriptor.java:131) ~[junit-jupiter-engine-5.7.2.jar:5.7.2]
	at org.junit.jupiter.engine.descriptor.TestMethodTestDescriptor.execute(TestMethodTestDescriptor.java:65) ~[junit-jupiter-engine-5.7.2.jar:5.7.2]
	at org.junit.platform.engine.support.hierarchical.NodeTestTask.lambda$executeRecursively$5(NodeTestTask.java:139) ~[junit-platform-engine-1.7.2.jar:1.7.2]
	at org.junit.platform.engine.support.hierarchical.ThrowableCollector.execute(ThrowableCollector.java:73) ~[junit-platform-engine-1.7.2.jar:1.7.2]
	at org.junit.platform.engine.support.hierarchical.NodeTestTask.lambda$executeRecursively$7(NodeTestTask.java:129) ~[junit-platform-engine-1.7.2.jar:1.7.2]
	at org.junit.platform.engine.support.hierarchical.Node.around(Node.java:137) ~[junit-platform-engine-1.7.2.jar:1.7.2]
	at org.junit.platform.engine.support.hierarchical.NodeTestTask.lambda$executeRecursively$8(NodeTestTask.java:127) ~[junit-platform-engine-1.7.2.jar:1.7.2]
	at org.junit.platform.engine.support.hierarchical.ThrowableCollector.execute(ThrowableCollector.java:73) ~[junit-platform-engine-1.7.2.jar:1.7.2]
	at org.junit.platform.engine.support.hierarchical.NodeTestTask.executeRecursively(NodeTestTask.java:126) ~[junit-platform-engine-1.7.2.jar:1.7.2]
	at org.junit.platform.engine.support.hierarchical.NodeTestTask.execute(NodeTestTask.java:84) ~[junit-platform-engine-1.7.2.jar:1.7.2]
	at java.util.ArrayList.forEach(ArrayList.java:1259) ~[na:1.8.0_401]
	at org.junit.platform.engine.support.hierarchical.SameThreadHierarchicalTestExecutorService.invokeAll(SameThreadHierarchicalTestExecutorService.java:38) ~[junit-platform-engine-1.7.2.jar:1.7.2]
	at org.junit.platform.engine.support.hierarchical.NodeTestTask.lambda$executeRecursively$5(NodeTestTask.java:143) ~[junit-platform-engine-1.7.2.jar:1.7.2]
	at org.junit.platform.engine.support.hierarchical.ThrowableCollector.execute(ThrowableCollector.java:73) ~[junit-platform-engine-1.7.2.jar:1.7.2]
	at org.junit.platform.engine.support.hierarchical.NodeTestTask.lambda$executeRecursively$7(NodeTestTask.java:129) ~[junit-platform-engine-1.7.2.jar:1.7.2]
	at org.junit.platform.engine.support.hierarchical.Node.around(Node.java:137) ~[junit-platform-engine-1.7.2.jar:1.7.2]
	at org.junit.platform.engine.support.hierarchical.NodeTestTask.lambda$executeRecursively$8(NodeTestTask.java:127) ~[junit-platform-engine-1.7.2.jar:1.7.2]
	at org.junit.platform.engine.support.hierarchical.ThrowableCollector.execute(ThrowableCollector.java:73) ~[junit-platform-engine-1.7.2.jar:1.7.2]
	at org.junit.platform.engine.support.hierarchical.NodeTestTask.executeRecursively(NodeTestTask.java:126) ~[junit-platform-engine-1.7.2.jar:1.7.2]
	at org.junit.platform.engine.support.hierarchical.NodeTestTask.execute(NodeTestTask.java:84) ~[junit-platform-engine-1.7.2.jar:1.7.2]
	at java.util.ArrayList.forEach(ArrayList.java:1259) ~[na:1.8.0_401]
	at org.junit.platform.engine.support.hierarchical.SameThreadHierarchicalTestExecutorService.invokeAll(SameThreadHierarchicalTestExecutorService.java:38) ~[junit-platform-engine-1.7.2.jar:1.7.2]
	at org.junit.platform.engine.support.hierarchical.NodeTestTask.lambda$executeRecursively$5(NodeTestTask.java:143) ~[junit-platform-engine-1.7.2.jar:1.7.2]
	at org.junit.platform.engine.support.hierarchical.ThrowableCollector.execute(ThrowableCollector.java:73) ~[junit-platform-engine-1.7.2.jar:1.7.2]
	at org.junit.platform.engine.support.hierarchical.NodeTestTask.lambda$executeRecursively$7(NodeTestTask.java:129) ~[junit-platform-engine-1.7.2.jar:1.7.2]
	at org.junit.platform.engine.support.hierarchical.Node.around(Node.java:137) ~[junit-platform-engine-1.7.2.jar:1.7.2]
	at org.junit.platform.engine.support.hierarchical.NodeTestTask.lambda$executeRecursively$8(NodeTestTask.java:127) ~[junit-platform-engine-1.7.2.jar:1.7.2]
	at org.junit.platform.engine.support.hierarchical.ThrowableCollector.execute(ThrowableCollector.java:73) ~[junit-platform-engine-1.7.2.jar:1.7.2]
	at org.junit.platform.engine.support.hierarchical.NodeTestTask.executeRecursively(NodeTestTask.java:126) ~[junit-platform-engine-1.7.2.jar:1.7.2]
	at org.junit.platform.engine.support.hierarchical.NodeTestTask.execute(NodeTestTask.java:84) ~[junit-platform-engine-1.7.2.jar:1.7.2]
	at org.junit.platform.engine.support.hierarchical.SameThreadHierarchicalTestExecutorService.submit(SameThreadHierarchicalTestExecutorService.java:32) ~[junit-platform-engine-1.7.2.jar:1.7.2]
	at org.junit.platform.engine.support.hierarchical.HierarchicalTestExecutor.execute(HierarchicalTestExecutor.java:57) ~[junit-platform-engine-1.7.2.jar:1.7.2]
	at org.junit.platform.engine.support.hierarchical.HierarchicalTestEngine.execute(HierarchicalTestEngine.java:51) ~[junit-platform-engine-1.7.2.jar:1.7.2]
	at org.junit.platform.launcher.core.DefaultLauncher.execute(DefaultLauncher.java:220) ~[junit-platform-launcher-1.3.1.jar:1.3.1]
	at org.junit.platform.launcher.core.DefaultLauncher.lambda$execute$6(DefaultLauncher.java:188) ~[junit-platform-launcher-1.3.1.jar:1.3.1]
	at org.junit.platform.launcher.core.DefaultLauncher.withInterceptedStreams(DefaultLauncher.java:202) ~[junit-platform-launcher-1.3.1.jar:1.3.1]
	at org.junit.platform.launcher.core.DefaultLauncher.execute(DefaultLauncher.java:181) ~[junit-platform-launcher-1.3.1.jar:1.3.1]
	at org.junit.platform.launcher.core.DefaultLauncher.execute(DefaultLauncher.java:128) ~[junit-platform-launcher-1.3.1.jar:1.3.1]
	at org.apache.maven.surefire.junitplatform.JUnitPlatformProvider.invokeAllTests(JUnitPlatformProvider.java:150) ~[surefire-junit-platform-2.22.2.jar:2.22.2]
	at org.apache.maven.surefire.junitplatform.JUnitPlatformProvider.invoke(JUnitPlatformProvider.java:124) ~[surefire-junit-platform-2.22.2.jar:2.22.2]
	at org.apache.maven.surefire.booter.ForkedBooter.invokeProviderInSameClassLoader(ForkedBooter.java:384) ~[surefire-booter-2.22.2.jar:2.22.2]
	at org.apache.maven.surefire.booter.ForkedBooter.runSuitesInProcess(ForkedBooter.java:345) ~[surefire-booter-2.22.2.jar:2.22.2]
	at org.apache.maven.surefire.booter.ForkedBooter.execute(ForkedBooter.java:126) ~[surefire-booter-2.22.2.jar:2.22.2]
	at org.apache.maven.surefire.booter.ForkedBooter.main(ForkedBooter.java:418) ~[surefire-booter-2.22.2.jar:2.22.2]

]]></system-out>
  </testcase>
</testsuite>